<?xml version="1.0" encoding="UTF-8"?>
<!-- Generated by org.testng.reporters.JUnitReportReporter -->
<testsuite hostname="DESKTOP-K2A2K3M" failures="0" tests="1" name="com.hrms.testscripts.TC002" time="43.038" errors="0" timestamp="16 May 2020 02:27:59 GMT">
  <testcase classname="com.hrms.testscripts.TC002" name="addDelEmp" time="43.038"/>
</testsuite> <!-- com.hrms.testscripts.TC002 -->
