<?xml version="1.0" encoding="UTF-8"?>
<!-- Generated by org.testng.reporters.JUnitReportReporter -->
<testsuite hostname="DESKTOP-K2A2K3M" failures="0" tests="1" name="com.hrms.testscripts.TC003" time="22.173" errors="0" timestamp="14 May 2020 07:46:40 GMT">
  <testcase classname="com.hrms.testscripts.TC003" name="entering_company_info1" time="22.173"/>
</testsuite> <!-- com.hrms.testscripts.TC003 -->
