<?xml version="1.0" encoding="UTF-8"?>
<!-- Generated by org.testng.reporters.JUnitReportReporter -->
<testsuite hostname="DESKTOP-K2A2K3M" failures="0" tests="1" name="com.hrms.testscripts.TC001" time="8.077" errors="0" timestamp="4 May 2020 11:28:49 GMT">
  <testcase classname="com.hrms.testscripts.TC001" name="LoginLogout" time="8.077"/>
</testsuite> <!-- com.hrms.testscripts.TC001 -->
