<?xml version="1.0" encoding="UTF-8"?>
<!-- Generated by org.testng.reporters.JUnitReportReporter -->
<testsuite hostname="DESKTOP-K2A2K3M" failures="0" tests="1" name="com.hrms.testscripts.TC001" time="6.984" errors="0" timestamp="14 May 2020 07:46:40 GMT">
  <testcase classname="com.hrms.testscripts.TC001" name="LoginLogout" time="6.984"/>
</testsuite> <!-- com.hrms.testscripts.TC001 -->
