<?xml version="1.0" encoding="UTF-8"?>
<!-- Generated by org.testng.reporters.JUnitReportReporter -->
<testsuite hostname="DESKTOP-K2A2K3M" failures="0" tests="1" name="com.hrms.testscripts.TC003" time="28.127" errors="0" timestamp="16 May 2020 02:27:59 GMT">
  <testcase classname="com.hrms.testscripts.TC003" name="entering_company_info1" time="28.127"/>
</testsuite> <!-- com.hrms.testscripts.TC003 -->
